#
# There is insufficient memory for the Java Runtime Environment to continue.
# Native memory allocation (mmap) failed to map 268435456 bytes for Failed to commit area from 0x0000000700c00000 to 0x0000000710c00000 of length 268435456.
# Possible reasons:
#   The system is out of physical RAM or swap space
#   The process is running with CompressedOops enabled, and the Java Heap may be blocking the growth of the native heap
# Possible solutions:
#   Reduce memory load on the system
#   Increase physical memory or swap space
#   Check if swap backing store is full
#   Decrease Java heap size (-Xmx/-Xms)
#   Decrease number of Java threads
#   Decrease Java thread stack sizes (-Xss)
#   Set larger code cache with -XX:ReservedCodeCacheSize=
# This output file may be truncated or incomplete.
#
#  Out of Memory Error (./src/hotspot/os/windows/os_windows.cpp:3303), pid=26876, tid=28792
#
# JRE version:  (11.0.8+10) (build )
# Java VM: OpenJDK 64-Bit Server VM (11.0.8+10, mixed mode, sharing, tiered, compressed oops, g1 gc, windows-amd64)
# No core dump will be written. Minidumps are not enabled by default on client versions of Windows
#

---------------  S U M M A R Y ------------

Command Line: -Dfile.encoding=Cp1252 --module-path=C:\Users\andre\eclipse-workspace\ControladorJuegos\lib\swing-framework.jar graficos.mainWindow

Host: AMD Ryzen 7 2700X Eight-Core Processor         , 16 cores, 15G,  Windows 10 , 64 bit Build 18362 (10.0.18362.1350)
Time: Fri Apr  9 18:08:21 2021 Central America Standard Time elapsed time: 0 seconds (0d 0h 0m 0s)

---------------  T H R E A D  ---------------

Current thread (0x000002818850c000):  JavaThread "Unknown thread" [_thread_in_vm, id=28792, stack(0x00000089aa500000,0x00000089aa600000)]

Stack: [0x00000089aa500000,0x00000089aa600000]
Native frames: (J=compiled Java code, j=interpreted, Vv=VM code, C=native code)
V  [jvm.dll+0x5dfa5a]
V  [jvm.dll+0x7175ce]
V  [jvm.dll+0x718c9f]
V  [jvm.dll+0x719363]
V  [jvm.dll+0x240e48]
V  [jvm.dll+0x5dccca]
V  [jvm.dll+0x5d1935]
V  [jvm.dll+0x2f650c]
V  [jvm.dll+0x2f6392]
V  [jvm.dll+0x2fb046]
V  [jvm.dll+0x33f06f]
V  [jvm.dll+0x33eaa0]
V  [jvm.dll+0x2d38d8]
V  [jvm.dll+0x2d4a26]
V  [jvm.dll+0x6f32c7]
V  [jvm.dll+0x6f4a4f]
V  [jvm.dll+0x34bdf9]
V  [jvm.dll+0x6d66d0]
V  [jvm.dll+0x3b32ef]
V  [jvm.dll+0x3b55a1]
C  [jli.dll+0x520b]
C  [ucrtbase.dll+0x210b2]
C  [KERNEL32.DLL+0x17c24]
C  [ntdll.dll+0x6d721]


---------------  P R O C E S S  ---------------

Threads class SMR info:
_java_thread_list=0x0000028188433260, length=0, elements={
}

Java Threads: ( => current thread )

Other Threads:
  0x000002818a6a0000 GCTaskThread "GC Thread#0" [stack: 0x00000089aa600000,0x00000089aa700000] [id=28576]
  0x000002818a700000 ConcurrentGCThread "G1 Main Marker" [stack: 0x00000089aa700000,0x00000089aa800000] [id=29900]
  0x000002818a703000 ConcurrentGCThread "G1 Conc#0" [stack: 0x00000089aa800000,0x00000089aa900000] [id=30020]

[error occurred during error reporting (printing all threads), id 0xc0000005, EXCEPTION_ACCESS_VIOLATION (0xc0000005) at pc=0x00007fffbccb2f27]

VM state:not at safepoint (not fully initialized)

VM Mutex/Monitor currently owned by a thread:  ([mutex/lock_event])
[0x000002818850a420] Heap_lock - owner thread: 0x000002818850c000

Heap address: 0x0000000700c00000, size: 4084 MB, Compressed Oops mode: Non-zero based: 0x0000000700c00000
Narrow klass base: 0x0000000000000000, Narrow klass shift: 0

GC Heap History (0 events):
No events

Deoptimization events (0 events):
No events

Classes redefined (0 events):
No events

Internal exceptions (0 events):
No events

Events (1 events):
Event: 0.007 Loaded shared library C:\Program Files\AdoptOpenJDK\jdk-11.0.8.10-hotspot\bin\zip.dll


Dynamic libraries:
0x00007ff602e30000 - 0x00007ff602e3d000 	C:\Program Files\AdoptOpenJDK\jdk-11.0.8.10-hotspot\bin\javaw.exe
0x00007ff808fa0000 - 0x00007ff809190000 	C:\WINDOWS\SYSTEM32\ntdll.dll
0x00007ff8088b0000 - 0x00007ff808962000 	C:\WINDOWS\System32\KERNEL32.DLL
0x00007ff806300000 - 0x00007ff8065a5000 	C:\WINDOWS\System32\KERNELBASE.dll
0x00007ff806200000 - 0x00007ff8062fa000 	C:\WINDOWS\System32\ucrtbase.dll
0x00007ffff8980000 - 0x00007ffff8997000 	C:\Program Files\AdoptOpenJDK\jdk-11.0.8.10-hotspot\bin\jli.dll
0x00007ffff8960000 - 0x00007ffff8975000 	C:\Program Files\AdoptOpenJDK\jdk-11.0.8.10-hotspot\bin\VCRUNTIME140.dll
0x00007ff807ce0000 - 0x00007ff807e74000 	C:\WINDOWS\System32\USER32.dll
0x00007ff8065e0000 - 0x00007ff806601000 	C:\WINDOWS\System32\win32u.dll
0x00007ffff1ae0000 - 0x00007ffff1d64000 	C:\WINDOWS\WinSxS\amd64_microsoft.windows.common-controls_6595b64144ccf1df_6.0.18362.1440_none_9e7dbfb9e45e8e67\COMCTL32.dll
0x00007ff807a60000 - 0x00007ff807afe000 	C:\WINDOWS\System32\msvcrt.dll
0x00007ff8079e0000 - 0x00007ff807a06000 	C:\WINDOWS\System32\GDI32.dll
0x00007ff8073d0000 - 0x00007ff807706000 	C:\WINDOWS\System32\combase.dll
0x00007ff806060000 - 0x00007ff8061f8000 	C:\WINDOWS\System32\gdi32full.dll
0x00007ff807710000 - 0x00007ff80782f000 	C:\WINDOWS\System32\RPCRT4.dll
0x00007ff805fa0000 - 0x00007ff80603e000 	C:\WINDOWS\System32\msvcp_win.dll
0x00007ff805f10000 - 0x00007ff805f91000 	C:\WINDOWS\System32\bcryptPrimitives.dll
0x00007ff807a30000 - 0x00007ff807a5e000 	C:\WINDOWS\System32\IMM32.DLL
0x00007fffc7ef0000 - 0x00007fffc7f8b000 	C:\Program Files\AdoptOpenJDK\jdk-11.0.8.10-hotspot\bin\msvcp140.dll
0x00007fffbc9d0000 - 0x00007fffbd48d000 	C:\Program Files\AdoptOpenJDK\jdk-11.0.8.10-hotspot\bin\server\jvm.dll
0x00007ff808800000 - 0x00007ff8088a3000 	C:\WINDOWS\System32\ADVAPI32.dll
0x00007ff8089f0000 - 0x00007ff808a87000 	C:\WINDOWS\System32\sechost.dll
0x00007ff807c20000 - 0x00007ff807c28000 	C:\WINDOWS\System32\PSAPI.DLL
0x00007ffff4a90000 - 0x00007ffff4a99000 	C:\WINDOWS\SYSTEM32\WSOCK32.dll
0x00007ff803b00000 - 0x00007ff803b24000 	C:\WINDOWS\SYSTEM32\WINMM.dll
0x00007ff8000a0000 - 0x00007ff8000aa000 	C:\WINDOWS\SYSTEM32\VERSION.dll
0x00007ff807bb0000 - 0x00007ff807c1f000 	C:\WINDOWS\System32\WS2_32.dll
0x00007ff803680000 - 0x00007ff8036ad000 	C:\WINDOWS\SYSTEM32\WINMMBASE.dll
0x00007ff807000000 - 0x00007ff80704a000 	C:\WINDOWS\System32\cfgmgr32.dll
0x00007ff805e60000 - 0x00007ff805e71000 	C:\WINDOWS\System32\kernel.appcore.dll
0x00007ff803cd0000 - 0x00007ff803ce0000 	C:\Program Files\AdoptOpenJDK\jdk-11.0.8.10-hotspot\bin\verify.dll
0x00007ff8046d0000 - 0x00007ff8048c4000 	C:\WINDOWS\SYSTEM32\DBGHELP.DLL
0x00007ff800000000 - 0x00007ff80002a000 	C:\WINDOWS\SYSTEM32\dbgcore.DLL
0x00007ffff8930000 - 0x00007ffff8958000 	C:\Program Files\AdoptOpenJDK\jdk-11.0.8.10-hotspot\bin\java.dll
0x00007ffffe560000 - 0x00007ffffe56a000 	C:\Program Files\AdoptOpenJDK\jdk-11.0.8.10-hotspot\bin\jimage.dll
0x00007ffff6070000 - 0x00007ffff6087000 	C:\Program Files\AdoptOpenJDK\jdk-11.0.8.10-hotspot\bin\zip.dll

dbghelp: loaded successfully - version: 4.0.5 - missing functions: none
symbol engine: initialized successfully - sym options: 0x614 - pdb path: .;C:\Program Files\AdoptOpenJDK\jdk-11.0.8.10-hotspot\bin;C:\WINDOWS\SYSTEM32;C:\WINDOWS\WinSxS\amd64_microsoft.windows.common-controls_6595b64144ccf1df_6.0.18362.1440_none_9e7dbfb9e45e8e67;C:\Program Files\AdoptOpenJDK\jdk-11.0.8.10-hotspot\bin\server

VM Arguments:
jvm_args: -Dfile.encoding=Cp1252 --module-path=C:\Users\andre\eclipse-workspace\ControladorJuegos\lib\swing-framework.jar 
java_command: graficos.mainWindow
java_class_path (initial): C:\Users\andre\eclipse-workspace\Cluedo\bin
Launcher Type: SUN_STANDARD

[Global flags]
     intx CICompilerCount                          = 12                                        {product} {ergonomic}
     uint ConcGCThreads                            = 3                                         {product} {ergonomic}
     uint G1ConcRefinementThreads                  = 13                                        {product} {ergonomic}
   size_t G1HeapRegionSize                         = 1048576                                   {product} {ergonomic}
    uintx GCDrainStackTargetSize                   = 64                                        {product} {ergonomic}
   size_t InitialHeapSize                          = 268435456                                 {product} {ergonomic}
   size_t MarkStackSize                            = 4194304                                   {product} {ergonomic}
   size_t MaxHeapSize                              = 4282384384                                {product} {ergonomic}
   size_t MinHeapDeltaBytes                        = 1048576                                   {product} {ergonomic}
    uintx NonNMethodCodeHeapSize                   = 7594288                                {pd product} {ergonomic}
    uintx NonProfiledCodeHeapSize                  = 122031976                              {pd product} {ergonomic}
    uintx ProfiledCodeHeapSize                     = 122031976                              {pd product} {ergonomic}
    uintx ReservedCodeCacheSize                    = 251658240                              {pd product} {ergonomic}
     bool SegmentedCodeCache                       = true                                      {product} {ergonomic}
     bool UseCompressedClassPointers               = true                                 {lp64_product} {ergonomic}
     bool UseCompressedOops                        = true                                 {lp64_product} {ergonomic}
     bool UseG1GC                                  = true                                      {product} {ergonomic}
     bool UseLargePagesIndividualAllocation        = false                                  {pd product} {ergonomic}

Logging:
Log output configuration:
 #0: stdout all=warning uptime,level,tags
 #1: stderr all=off uptime,level,tags

Environment Variables:
PATH=C:\Program Files\Common Files\Oracle\Java\javapath;C:\Program Files\AdoptOpenJDK\jdk-11.0.8.10-hotspot\bin;C:\Program Files (x86)\Razer Chroma SDK\bin;C:\Program Files\Razer Chroma SDK\bin;C:\Program Files (x86)\Razer\ChromaBroadcast\bin;C:\Program Files\Razer\ChromaBroadcast\bin;C:\WINDOWS\system32;C:\WINDOWS;C:\WINDOWS\System32\Wbem;C:\WINDOWS\System32\WindowsPowerShell\v1.0\;C:\WINDOWS\System32\OpenSSH\;C:\Program Files\NVIDIA Corporation\NVIDIA NvDLISR;C:\Program Files (x86)\NVIDIA Corporation\PhysX\Common;C:\WINDOWS\system32\config\systemprofile\AppData\Local\Microsoft\WindowsApps;C:\Program Files\Git\cmd;C:\Users\andre\AppData\Local\Microsoft\WindowsApps;D:\Microsoft VS Code\bin;C:\Users\andre\AppData\Local\GitHubDesktop\bin
USERNAME=andre
OS=Windows_NT
PROCESSOR_IDENTIFIER=AMD64 Family 23 Model 8 Stepping 2, AuthenticAMD



---------------  S Y S T E M  ---------------

OS: Windows 10 , 64 bit Build 18362 (10.0.18362.1350)
OS uptime: 10 days 0:19 hours

CPU:total 16 (initial active 16) (16 cores per cpu, 2 threads per core) family 23 model 8 stepping 2, cmov, cx8, fxsr, mmx, sse, sse2, sse3, ssse3, sse4.1, sse4.2, popcnt, avx, avx2, aes, clmul, mmxext, 3dnowpref, lzcnt, sse4a, ht, tsc, tscinvbit, tscinv, bmi1, bmi2, adx, sha, fma

Memory: 4k page, system-wide physical 16329M (4613M free)
TotalPageFile size 44811M (AvailPageFile size 79M)
current process WorkingSet (physical memory assigned to process): 10M, peak: 10M
current process commit charge ("private bytes"): 71M, peak: 327M

vm_info: OpenJDK 64-Bit Server VM (11.0.8+10) for windows-amd64 JRE (11.0.8+10), built on Jul 15 2020 11:45:54 by "" with MS VC++ 15.9 (VS2017)

END.
